<?xml version="1.0" encoding="UTF-8"?>
<!-- Generated by org.testng.reporters.JUnitXMLReporter -->
<testsuite ignored="0" hostname="immaculee-HP-EliteBook-840-G3" failures="1" tests="2" name="Surefire test" time="0.617" errors="0" timestamp="2022-03-30T19:37:35 CEST">
  <testcase classname="fr.lernejo.navy_battle.HttpPingHandlerTest" name="test1" time="0.494">
    <failure type="java.lang.NullPointerException" message="Cannot invoke &amp;quot;java.net.http.HttpResponse.statusCode()&amp;quot; because &amp;quot;msg&amp;quot; is null">
      <![CDATA[java.lang.NullPointerException: Cannot invoke "java.net.http.HttpResponse.statusCode()" because "msg" is null
at fr.lernejo.navy_battle.HttpPingHandlerTest.test1(HttpPingHandlerTest.java:28)
at java.base/java.util.ArrayList.forEach(ArrayList.java:1511)
... Removed 32 stack frames]]>
    </failure>
  </testcase> <!-- test1 -->
  <testcase classname="fr.lernejo.navy_battle.LauncherTest" name="Launcher1" time="0.032"/>
</testsuite> <!-- Surefire test -->
