<?xml version="1.0" encoding="UTF-8"?>
<testsuite xmlns:xsi="http://www.w3.org/2001/XMLSchema-instance" xsi:noNamespaceSchemaLocation="https://maven.apache.org/surefire/maven-surefire-plugin/xsd/surefire-test-report.xsd" name="TestSuite" time="1.236" tests="2" errors="0" skipped="0" failures="1">
  <properties>
[...]
</properties>
  <testcase name="test1" classname="fr.lernejo.navy_battle.HttpPingHandlerTest" time="0.506">
    <failure message="Cannot invoke &quot;java.net.http.HttpResponse.statusCode()&quot; because &quot;msg&quot; is null" type="java.lang.NullPointerException">java.lang.NullPointerException: Cannot invoke "java.net.http.HttpResponse.statusCode()" because "msg" is null
	at fr.lernejo.navy_battle.HttpPingHandlerTest.test1(HttpPingHandlerTest.java:28)
</failure>
    <system-err><![CDATA[SLF4J: Failed to load class "org.slf4j.impl.StaticLoggerBinder".
SLF4J: Defaulting to no-operation (NOP) logger implementation
SLF4J: See http://www.slf4j.org/codes.html#StaticLoggerBinder for further details.
 Ping error java.net.ConnectException
]]></system-err>
  </testcase>
  <testcase name="Launcher1" classname="fr.lernejo.navy_battle.LauncherTest" time="0.028"/>
</testsuite>